  main.cpp
C:\programing\school\nilsmal-simulation\Raytracer\main.cpp(50,41): warning C4244: 'return': conversion from 'double' to 'float', possible loss of data
C:\programing\school\nilsmal-simulation\Raytracer\main.cpp(72,20): warning C4244: 'argument': conversion from 'float' to 'GLint', possible loss of data
C:\programing\school\nilsmal-simulation\Raytracer\main.cpp(72,16): warning C4244: 'argument': conversion from 'float' to 'GLint', possible loss of data
C:\programing\school\nilsmal-simulation\Raytracer\main.cpp(75,20): warning C4244: 'argument': conversion from 'float' to 'GLint', possible loss of data
C:\programing\school\nilsmal-simulation\Raytracer\main.cpp(75,16): warning C4244: 'argument': conversion from 'float' to 'GLint', possible loss of data
C:\programing\school\nilsmal-simulation\Raytracer\main.cpp(76,34): warning C4244: 'argument': conversion from 'float' to 'GLint', possible loss of data
C:\programing\school\nilsmal-simulation\Raytracer\main.cpp(76,19): warning C4244: 'argument': conversion from 'float' to 'GLint', possible loss of data
C:\programing\school\nilsmal-simulation\Raytracer\main.cpp(87,25): warning C4244: 'argument': conversion from 'float' to 'int', possible loss of data
C:\programing\school\nilsmal-simulation\Raytracer\main.cpp(87,24): warning C4244: '=': conversion from 'int' to 'float', possible loss of data
C:\programing\school\nilsmal-simulation\Raytracer\main.cpp(88,32): warning C4244: 'argument': conversion from 'float' to 'int', possible loss of data
C:\programing\school\nilsmal-simulation\Raytracer\main.cpp(88,22): warning C4244: '=': conversion from 'double' to 'float', possible loss of data
C:\programing\school\nilsmal-simulation\Raytracer\main.cpp(89,33): warning C4244: 'argument': conversion from 'float' to 'int', possible loss of data
C:\programing\school\nilsmal-simulation\Raytracer\main.cpp(89,19): warning C4244: '=': conversion from 'double' to 'float', possible loss of data
C:\programing\school\nilsmal-simulation\Raytracer\main.cpp(94,25): warning C4244: 'argument': conversion from 'float' to 'int', possible loss of data
C:\programing\school\nilsmal-simulation\Raytracer\main.cpp(94,24): warning C4244: '=': conversion from 'int' to 'float', possible loss of data
C:\programing\school\nilsmal-simulation\Raytracer\main.cpp(95,32): warning C4244: 'argument': conversion from 'float' to 'int', possible loss of data
C:\programing\school\nilsmal-simulation\Raytracer\main.cpp(95,22): warning C4244: '=': conversion from 'double' to 'float', possible loss of data
C:\programing\school\nilsmal-simulation\Raytracer\main.cpp(96,33): warning C4244: 'argument': conversion from 'float' to 'int', possible loss of data
C:\programing\school\nilsmal-simulation\Raytracer\main.cpp(96,19): warning C4244: '=': conversion from 'double' to 'float', possible loss of data
C:\programing\school\nilsmal-simulation\Raytracer\main.cpp(114,25): warning C4244: 'argument': conversion from 'float' to 'int', possible loss of data
C:\programing\school\nilsmal-simulation\Raytracer\main.cpp(114,58): warning C4244: 'argument': conversion from 'float' to 'int', possible loss of data
C:\programing\school\nilsmal-simulation\Raytracer\main.cpp(114,43): warning C4244: 'return': conversion from 'double' to 'float', possible loss of data
C:\programing\school\nilsmal-simulation\Raytracer\main.cpp(137,20): warning C4244: 'argument': conversion from 'float' to 'int', possible loss of data
C:\programing\school\nilsmal-simulation\Raytracer\main.cpp(137,16): warning C4244: '=': conversion from 'int' to 'float', possible loss of data
C:\programing\school\nilsmal-simulation\Raytracer\main.cpp(144,34): warning C4244: 'argument': conversion from 'float' to 'int', possible loss of data
C:\programing\school\nilsmal-simulation\Raytracer\main.cpp(144,19): warning C4244: 'initializing': conversion from 'double' to 'float', possible loss of data
C:\programing\school\nilsmal-simulation\Raytracer\main.cpp(145,26): warning C4244: 'argument': conversion from 'float' to 'int', possible loss of data
C:\programing\school\nilsmal-simulation\Raytracer\main.cpp(147,40): warning C4244: '=': conversion from 'int' to 'float', possible loss of data
C:\programing\school\nilsmal-simulation\Raytracer\main.cpp(152,31): warning C4244: 'argument': conversion from 'float' to 'int', possible loss of data
C:\programing\school\nilsmal-simulation\Raytracer\main.cpp(154,40): warning C4244: '=': conversion from 'double' to 'float', possible loss of data
C:\programing\school\nilsmal-simulation\Raytracer\main.cpp(174,37): warning C4244: 'argument': conversion from 'float' to 'int', possible loss of data
C:\programing\school\nilsmal-simulation\Raytracer\main.cpp(174,69): warning C4244: 'argument': conversion from 'float' to 'int', possible loss of data
C:\programing\school\nilsmal-simulation\Raytracer\main.cpp(174,54): warning C4244: '=': conversion from 'double' to 'float', possible loss of data
C:\programing\school\nilsmal-simulation\Raytracer\main.cpp(189,19): warning C4244: '=': conversion from 'double' to 'float', possible loss of data
C:\programing\school\nilsmal-simulation\Raytracer\main.cpp(190,26): warning C4244: 'argument': conversion from 'float' to 'int', possible loss of data
C:\programing\school\nilsmal-simulation\Raytracer\main.cpp(192,40): warning C4244: '=': conversion from 'double' to 'float', possible loss of data
C:\programing\school\nilsmal-simulation\Raytracer\main.cpp(197,31): warning C4244: 'argument': conversion from 'float' to 'int', possible loss of data
C:\programing\school\nilsmal-simulation\Raytracer\main.cpp(199,40): warning C4244: '=': conversion from 'int' to 'float', possible loss of data
C:\programing\school\nilsmal-simulation\Raytracer\main.cpp(219,37): warning C4244: 'argument': conversion from 'float' to 'int', possible loss of data
C:\programing\school\nilsmal-simulation\Raytracer\main.cpp(219,69): warning C4244: 'argument': conversion from 'float' to 'int', possible loss of data
C:\programing\school\nilsmal-simulation\Raytracer\main.cpp(219,54): warning C4244: '=': conversion from 'double' to 'float', possible loss of data
C:\programing\school\nilsmal-simulation\Raytracer\main.cpp(229,22): warning C4305: 'argument': truncation from 'double' to 'GLfloat'
C:\programing\school\nilsmal-simulation\Raytracer\main.cpp(235,26): warning C4305: 'argument': truncation from 'double' to 'GLfloat'
C:\programing\school\nilsmal-simulation\Raytracer\main.cpp(239,24): warning C4244: 'argument': conversion from 'float' to 'GLint', possible loss of data
C:\programing\school\nilsmal-simulation\Raytracer\main.cpp(239,20): warning C4244: 'argument': conversion from 'float' to 'GLint', possible loss of data
C:\programing\school\nilsmal-simulation\Raytracer\main.cpp(240,24): warning C4244: 'argument': conversion from 'float' to 'GLint', possible loss of data
C:\programing\school\nilsmal-simulation\Raytracer\main.cpp(240,20): warning C4244: 'argument': conversion from 'float' to 'GLint', possible loss of data
C:\programing\school\nilsmal-simulation\Raytracer\main.cpp(243,28): warning C4244: 'argument': conversion from 'float' to 'int', possible loss of data
C:\programing\school\nilsmal-simulation\Raytracer\main.cpp(244,21): warning C4244: '=': conversion from 'double' to 'float', possible loss of data
C:\programing\school\nilsmal-simulation\Raytracer\main.cpp(245,19): warning C4244: 'initializing': conversion from 'float' to 'int', possible loss of data
C:\programing\school\nilsmal-simulation\Raytracer\main.cpp(258,24): warning C4244: 'argument': conversion from 'float' to 'int', possible loss of data
C:\programing\school\nilsmal-simulation\Raytracer\main.cpp(258,20): warning C4244: '=': conversion from 'int' to 'float', possible loss of data
C:\programing\school\nilsmal-simulation\Raytracer\main.cpp(264,28): warning C4305: 'argument': truncation from 'double' to 'GLclampf'
C:\programing\school\nilsmal-simulation\Raytracer\main.cpp(264,23): warning C4305: 'argument': truncation from 'double' to 'GLclampf'
C:\programing\school\nilsmal-simulation\Raytracer\main.cpp(264,18): warning C4305: 'argument': truncation from 'double' to 'GLclampf'
C:\programing\school\nilsmal-simulation\Raytracer\main.cpp(269,24): warning C4244: 'argument': conversion from 'float' to 'int', possible loss of data
C:\programing\school\nilsmal-simulation\Raytracer\main.cpp(269,14): warning C4244: '=': conversion from 'double' to 'float', possible loss of data
C:\programing\school\nilsmal-simulation\Raytracer\main.cpp(270,25): warning C4244: 'argument': conversion from 'float' to 'int', possible loss of data
C:\programing\school\nilsmal-simulation\Raytracer\main.cpp(270,11): warning C4244: '=': conversion from 'double' to 'float', possible loss of data
  Raytracer.vcxproj -> C:\programing\school\nilsmal-simulation\Raytracer\x64\Debug\Raytracer.exe
